
Showing logs for build [32mjmoliva-environment-jx-v2-stagi-ql2c8-1[0m stage [32mfrom-build-pack[0m and container [32mstep-credential-initializer-wlpzg[0m
{"level":"warn","ts":1585572873.7909315,"logger":"fallback-logger","caller":"logging/config.go:69","msg":"Fetch GitHub commit ID from kodata failed: \"ref: refs/heads/0.8.0-**-support-backwards-incompats\" is not a valid GitHub commit ID"}
{"level":"info","ts":1585572873.7913055,"logger":"fallback-logger","caller":"creds-init/main.go:40","msg":"Credentials initialized."}

Showing logs for build [32mjmoliva-environment-jx-v2-stagi-ql2c8-1[0m stage [32mfrom-build-pack[0m and container [32mstep-working-dir-initializer-2vc9t[0m
{"level":"warn","ts":1585572874.8074274,"logger":"fallback-logger","caller":"logging/config.go:69","msg":"Fetch GitHub commit ID from kodata failed: open /var/run/ko/HEAD: no such file or directory"}
{"level":"info","ts":1585572874.8092988,"logger":"fallback-logger","caller":"bash/main.go:64","msg":"Successfully executed command \"sh -c mkdir -p /workspace/source\"; output "}

Showing logs for build [32mjmoliva-environment-jx-v2-stagi-ql2c8-1[0m stage [32mfrom-build-pack[0m and container [32mstep-place-tools[0m

Showing logs for build [32mjmoliva-environment-jx-v2-stagi-ql2c8-1[0m stage [32mfrom-build-pack[0m and container [32mstep-git-source-jmoliva-environment-jx-v2-stagi-ql2c8-xf5jd[0m
{"level":"warn","ts":1585572878.811747,"logger":"fallback-logger","caller":"logging/config.go:69","msg":"Fetch GitHub commit ID from kodata failed: \"ref: refs/heads/0.8.0-**-support-backwards-incompats\" is not a valid GitHub commit ID"}
{"level":"info","ts":1585572879.9223025,"logger":"fallback-logger","caller":"git/git.go:103","msg":"Successfully cloned https://github.com/*******/environment-**-v2-staging.git @ master in path /workspace/source"}

Showing logs for build [32mjmoliva-environment-jx-v2-stagi-ql2c8-1[0m stage [32mfrom-build-pack[0m and container [32mstep-git-merge[0m
Using SHAs from PULL_REFS=master:bc5477eefa7f85af95a8f9093b398988547bb3c1,1:40a080c1ce04964b4029950fb449accaffba48bc
DEBUG: LC_ALL=C JX_LOG_LEVEL=error git fetch origin --unshallow 40a080c1ce04964b4029950fb449accaffba48bc: bc5477eefa7f85af95a8f9093b398988547bb3c1:
DEBUG: ran git fetch --unshallow origin 40a080c1ce04964b4029950fb449accaffba48bc: bc5477eefa7f85af95a8f9093b398988547bb3c1: in 
DEBUG: LC_ALL=C JX_LOG_LEVEL=error git branch
DEBUG: LC_ALL=C JX_LOG_LEVEL=error git checkout master
DEBUG: ran git checkout master in 
DEBUG: LC_ALL=C JX_LOG_LEVEL=error git reset --hard bc5477eefa7f85af95a8f9093b398988547bb3c1
DEBUG: ran git reset --hard bc5477eefa7f85af95a8f9093b398988547bb3c1 in 
DEBUG: LC_ALL=C JX_LOG_LEVEL=error git clean -fd .
DEBUG: ran clean --force -d . in 
DEBUG: JX_LOG_LEVEL=error LC_ALL=C git merge 40a080c1ce04964b4029950fb449accaffba48bc
DEBUG: ran git merge 40a080c1ce04964b4029950fb449accaffba48bc in 
DEBUG: JX_LOG_LEVEL=error LC_ALL=C git log --format=%H%x1f%an%x1f%ae%x1f%cn%x1f%ce%x1f%s%n%b%x1e bc5477eefa7f85af95a8f9093b398988547bb3c1..HEAD
Merged SHA 40a080c1ce04964b4029950fb449accaffba48bc with commit message 'chore: Promote **-v2-testnode to version 0.0.1' into base branch master

Showing logs for build [32mjmoliva-environment-jx-v2-stagi-ql2c8-1[0m stage [32mfrom-build-pack[0m and container [32mstep-build-helm-build[0m
WARNING: No $CHART_REPOSITORY defined so using the default value of: http://jenkins-x-chartmuseum:8080
Adding missing Helm repo: storage.googleapis.com https://storage.googleapis.com/chartmuseum.jenkins-x.io
Successfully added Helm repository storage.googleapis.com.
Adding missing Helm repo: jenkins-x-chartmuseum http://jenkins-x-chartmuseum:8080
Successfully added Helm repository jenkins-x-chartmuseum.
WARNING: No $CHART_REPOSITORY defined so using the default value of: http://jenkins-x-chartmuseum:8080
Adding missing Helm repo: chartmuseum.jenkins-x.io http://chartmuseum.jenkins-x.io
Successfully added Helm repository chartmuseum.jenkins-x.io.
