
Showing logs for build [32mjmoliva-environment-jx-v2-stagi-vkj9p-2[0m stage [32mfrom-build-pack[0m and container [32mstep-credential-initializer-52m7b[0m
{"level":"warn","ts":1585574594.8379693,"logger":"fallback-logger","caller":"logging/config.go:69","msg":"Fetch GitHub commit ID from kodata failed: \"ref: refs/heads/0.8.0-**-support-backwards-incompats\" is not a valid GitHub commit ID"}
{"level":"info","ts":1585574594.8385932,"logger":"fallback-logger","caller":"creds-init/main.go:40","msg":"Credentials initialized."}

Showing logs for build [32mjmoliva-environment-jx-v2-stagi-vkj9p-2[0m stage [32mfrom-build-pack[0m and container [32mstep-working-dir-initializer-fqgt5[0m
{"level":"warn","ts":1585574595.9491,"logger":"fallback-logger","caller":"logging/config.go:69","msg":"Fetch GitHub commit ID from kodata failed: open /var/run/ko/HEAD: no such file or directory"}
{"level":"info","ts":1585574595.9505363,"logger":"fallback-logger","caller":"bash/main.go:64","msg":"Successfully executed command \"sh -c mkdir -p /workspace/source\"; output "}

Showing logs for build [32mjmoliva-environment-jx-v2-stagi-vkj9p-2[0m stage [32mfrom-build-pack[0m and container [32mstep-place-tools[0m

Showing logs for build [32mjmoliva-environment-jx-v2-stagi-vkj9p-2[0m stage [32mfrom-build-pack[0m and container [32mstep-git-source-jmoliva-environment-jx-v2-stagi-vkj9p-hz6cj[0m
{"level":"warn","ts":1585574598.989356,"logger":"fallback-logger","caller":"logging/config.go:69","msg":"Fetch GitHub commit ID from kodata failed: \"ref: refs/heads/0.8.0-**-support-backwards-incompats\" is not a valid GitHub commit ID"}
{"level":"info","ts":1585574600.2012951,"logger":"fallback-logger","caller":"git/git.go:103","msg":"Successfully cloned https://github.com/*******/environment-**-v2-staging.git @ v0.0.2 in path /workspace/source"}

Showing logs for build [32mjmoliva-environment-jx-v2-stagi-vkj9p-2[0m stage [32mfrom-build-pack[0m and container [32mstep-git-merge[0m
Using SHAs from PULL_REFS=master:d273f50c156c3db2b193da9870321da88ae76b52
WARNING: no SHAs to merge, falling back to initial cloned commit

Showing logs for build [32mjmoliva-environment-jx-v2-stagi-vkj9p-2[0m stage [32mfrom-build-pack[0m and container [32mstep-setup-jx-git-credentials[0m
Generated Git credentials file /builder/home/git/credentials

Showing logs for build [32mjmoliva-environment-jx-v2-stagi-vkj9p-2[0m stage [32mfrom-build-pack[0m and container [32mstep-build-helm-apply[0m
Modified file /workspace/source/env/Chart.yaml to set the chart to version 2
Ignoring templates/.gitignore
Ignoring templates/wildcardcert-secret.yaml
WARNING: No $CHART_REPOSITORY defined so using the default value of: http://jenkins-x-chartmuseum:8080
Adding missing Helm repo: storage.googleapis.com https://storage.googleapis.com/chartmuseum.jenkins-x.io
Successfully added Helm repository storage.googleapis.com.
Adding missing Helm repo: jenkins-x-chartmuseum http://jenkins-x-chartmuseum:8080
Successfully added Helm repository jenkins-x-chartmuseum.
WARNING: No $CHART_REPOSITORY defined so using the default value of: http://jenkins-x-chartmuseum:8080
Adding missing Helm repo: chartmuseum.jenkins-x.io http://chartmuseum.jenkins-x.io
Successfully added Helm repository chartmuseum.jenkins-x.io.

release.jenkins.io "**-v2-testnode-0.0.1" deleted
